<?xml version="1.0" encoding="UTF-8"?>
<testng-results ignored="0" total="1" passed="1" failed="0" skipped="0">
  <reporter-output>
  </reporter-output>
  <suite started-at="2023-02-19T20:32:55 CST" name="Default suite" finished-at="2023-02-19T20:33:10 CST" duration-ms="15519">
    <groups>
    </groups>
    <test started-at="2023-02-19T20:32:55 CST" name="Default test" finished-at="2023-02-19T20:33:10 CST" duration-ms="15519">
      <class name="com.login.PositiveTest">
        <test-method signature="pTest()[pri:0, instance:com.login.PositiveTest@383bfa16]" started-at="2023-02-19T20:32:55 CST" name="pTest" finished-at="2023-02-19T20:33:10 CST" duration-ms="15448" status="PASS">
          <reporter-output>
          </reporter-output>
        </test-method> <!-- pTest -->
      </class> <!-- com.login.PositiveTest -->
    </test> <!-- Default test -->
  </suite> <!-- Default suite -->
</testng-results>
